The system is: Linux - 3.11.10-17-desktop - x86_64
Compiling the C compiler identification source file "CMakeCCompilerId.c" succeeded.
Compiler: /usr/bin/cc 
Build flags: 
Id flags: 

The output was:
0


Compilation of the C compiler identification source "CMakeCCompilerId.c" produced "a.out"

The C compiler identification is GNU, found in "/home/audoban/Escritorio/Dev/desktop-projects/PlayBar/KCM_PlayBarShortcuts/build/CMakeFiles/2.8.11.2/CompilerIdC/a.out"

Compiling the CXX compiler identification source file "CMakeCXXCompilerId.cpp" succeeded.
Compiler: /usr/bin/c++ 
Build flags: 
Id flags: 

The output was:
0


Compilation of the CXX compiler identification source "CMakeCXXCompilerId.cpp" produced "a.out"

The CXX compiler identification is GNU, found in "/home/audoban/Escritorio/Dev/desktop-projects/PlayBar/KCM_PlayBarShortcuts/build/CMakeFiles/2.8.11.2/CompilerIdCXX/a.out"

Determining if the C compiler works passed with the following output:
Change Dir: /home/audoban/Escritorio/Dev/desktop-projects/PlayBar/KCM_PlayBarShortcuts/build/CMakeFiles/CMakeTmp

Run Build Command:/usr/bin/ninja cmTryCompileExec480703495
[1/2] Building C object CMakeFiles/cmTryCompileExec480703495.dir/testCCompiler.c.o
[2/2] Linking C executable cmTryCompileExec480703495


Detecting C compiler ABI info compiled with the following output:
Change Dir: /home/audoban/Escritorio/Dev/desktop-projects/PlayBar/KCM_PlayBarShortcuts/build/CMakeFiles/CMakeTmp

Run Build Command:/usr/bin/ninja cmTryCompileExec580450933
[1/2] Building C object CMakeFiles/cmTryCompileExec580450933.dir/CMakeCCompilerABI.c.o
[2/2] Linking C executable cmTryCompileExec580450933
Using built-in specs.
COLLECT_GCC=/usr/bin/cc
COLLECT_LTO_WRAPPER=/usr/lib64/gcc/x86_64-suse-linux/4.8/lto-wrapper
Target: x86_64-suse-linux
Configured with: ../configure --prefix=/usr --infodir=/usr/share/info --mandir=/usr/share/man --libdir=/usr/lib64 --libexecdir=/usr/lib64 --enable-languages=c,c++,objc,fortran,obj-c++,java,ada --enable-checking=release --with-gxx-include-dir=/usr/include/c++/4.8 --enable-ssp --disable-libssp --disable-plugin --with-bugurl=http://bugs.opensuse.org/ --with-pkgversion='SUSE Linux' --disable-libgcj --disable-libmudflap --with-slibdir=/lib64 --with-system-zlib --enable-__cxa_atexit --enable-libstdcxx-allocator=new --disable-libstdcxx-pch --enable-version-specific-runtime-libs --enable-linker-build-id --program-suffix=-4.8 --enable-linux-futex --without-system-libunwind --with-arch-32=i586 --with-tune=generic --build=x86_64-suse-linux
Thread model: posix
gcc version 4.8.1 20130909 [gcc-4_8-branch revision 202388] (SUSE Linux) 
COMPILER_PATH=/usr/lib64/gcc/x86_64-suse-linux/4.8/:/usr/lib64/gcc/x86_64-suse-linux/4.8/:/usr/lib64/gcc/x86_64-suse-linux/:/usr/lib64/gcc/x86_64-suse-linux/4.8/:/usr/lib64/gcc/x86_64-suse-linux/:/usr/lib64/gcc/x86_64-suse-linux/4.8/../../../../x86_64-suse-linux/bin/
LIBRARY_PATH=/usr/lib64/gcc/x86_64-suse-linux/4.8/:/usr/lib64/gcc/x86_64-suse-linux/4.8/../../../../lib64/:/lib/../lib64/:/usr/lib/../lib64/:/usr/lib64/gcc/x86_64-suse-linux/4.8/../../../../x86_64-suse-linux/lib/:/usr/lib64/gcc/x86_64-suse-linux/4.8/../../../:/lib/:/usr/lib/
COLLECT_GCC_OPTIONS='-v' '-o' 'cmTryCompileExec580450933' '-rdynamic' '-mtune=generic' '-march=x86-64'
 /usr/lib64/gcc/x86_64-suse-linux/4.8/collect2 --build-id --eh-frame-hdr -m elf_x86_64 -export-dynamic -dynamic-linker /lib64/ld-linux-x86-64.so.2 -o cmTryCompileExec580450933 /usr/lib64/gcc/x86_64-suse-linux/4.8/../../../../lib64/crt1.o /usr/lib64/gcc/x86_64-suse-linux/4.8/../../../../lib64/crti.o /usr/lib64/gcc/x86_64-suse-linux/4.8/crtbegin.o -L/usr/lib64/gcc/x86_64-suse-linux/4.8 -L/usr/lib64/gcc/x86_64-suse-linux/4.8/../../../../lib64 -L/lib/../lib64 -L/usr/lib/../lib64 -L/usr/lib64/gcc/x86_64-suse-linux/4.8/../../../../x86_64-suse-linux/lib -L/usr/lib64/gcc/x86_64-suse-linux/4.8/../../.. CMakeFiles/cmTryCompileExec580450933.dir/CMakeCCompilerABI.c.o -lgcc --as-needed -lgcc_s --no-as-needed -lc -lgcc --as-needed -lgcc_s --no-as-needed /usr/lib64/gcc/x86_64-suse-linux/4.8/crtend.o /usr/lib64/gcc/x86_64-suse-linux/4.8/../../../../lib64/crtn.o


Parsed C implicit link information from above output:
  link line regex: [^( *|.*[/\])(ld|ld|collect2)[^/\]*( |$)]
  ignore line: [Change Dir: /home/audoban/Escritorio/Dev/desktop-projects/PlayBar/KCM_PlayBarShortcuts/build/CMakeFiles/CMakeTmp]
  ignore line: []
  ignore line: [Run Build Command:/usr/bin/ninja cmTryCompileExec580450933]
  ignore line: [[1/2] Building C object CMakeFiles/cmTryCompileExec580450933.dir/CMakeCCompilerABI.c.o]
  ignore line: [[2/2] Linking C executable cmTryCompileExec580450933]
  ignore line: [Using built-in specs.]
  ignore line: [COLLECT_GCC=/usr/bin/cc]
  ignore line: [COLLECT_LTO_WRAPPER=/usr/lib64/gcc/x86_64-suse-linux/4.8/lto-wrapper]
  ignore line: [Target: x86_64-suse-linux]
  ignore line: [Configured with: ../configure --prefix=/usr --infodir=/usr/share/info --mandir=/usr/share/man --libdir=/usr/lib64 --libexecdir=/usr/lib64 --enable-languages=c,c++,objc,fortran,obj-c++,java,ada --enable-checking=release --with-gxx-include-dir=/usr/include/c++/4.8 --enable-ssp --disable-libssp --disable-plugin --with-bugurl=http://bugs.opensuse.org/ --with-pkgversion='SUSE Linux' --disable-libgcj --disable-libmudflap --with-slibdir=/lib64 --with-system-zlib --enable-__cxa_atexit --enable-libstdcxx-allocator=new --disable-libstdcxx-pch --enable-version-specific-runtime-libs --enable-linker-build-id --program-suffix=-4.8 --enable-linux-futex --without-system-libunwind --with-arch-32=i586 --with-tune=generic --build=x86_64-suse-linux]
  ignore line: [Thread model: posix]
  ignore line: [gcc version 4.8.1 20130909 [gcc-4_8-branch revision 202388] (SUSE Linux) ]
  ignore line: [COMPILER_PATH=/usr/lib64/gcc/x86_64-suse-linux/4.8/:/usr/lib64/gcc/x86_64-suse-linux/4.8/:/usr/lib64/gcc/x86_64-suse-linux/:/usr/lib64/gcc/x86_64-suse-linux/4.8/:/usr/lib64/gcc/x86_64-suse-linux/:/usr/lib64/gcc/x86_64-suse-linux/4.8/../../../../x86_64-suse-linux/bin/]
  ignore line: [LIBRARY_PATH=/usr/lib64/gcc/x86_64-suse-linux/4.8/:/usr/lib64/gcc/x86_64-suse-linux/4.8/../../../../lib64/:/lib/../lib64/:/usr/lib/../lib64/:/usr/lib64/gcc/x86_64-suse-linux/4.8/../../../../x86_64-suse-linux/lib/:/usr/lib64/gcc/x86_64-suse-linux/4.8/../../../:/lib/:/usr/lib/]
  ignore line: [COLLECT_GCC_OPTIONS='-v' '-o' 'cmTryCompileExec580450933' '-rdynamic' '-mtune=generic' '-march=x86-64']
  link line: [ /usr/lib64/gcc/x86_64-suse-linux/4.8/collect2 --build-id --eh-frame-hdr -m elf_x86_64 -export-dynamic -dynamic-linker /lib64/ld-linux-x86-64.so.2 -o cmTryCompileExec580450933 /usr/lib64/gcc/x86_64-suse-linux/4.8/../../../../lib64/crt1.o /usr/lib64/gcc/x86_64-suse-linux/4.8/../../../../lib64/crti.o /usr/lib64/gcc/x86_64-suse-linux/4.8/crtbegin.o -L/usr/lib64/gcc/x86_64-suse-linux/4.8 -L/usr/lib64/gcc/x86_64-suse-linux/4.8/../../../../lib64 -L/lib/../lib64 -L/usr/lib/../lib64 -L/usr/lib64/gcc/x86_64-suse-linux/4.8/../../../../x86_64-suse-linux/lib -L/usr/lib64/gcc/x86_64-suse-linux/4.8/../../.. CMakeFiles/cmTryCompileExec580450933.dir/CMakeCCompilerABI.c.o -lgcc --as-needed -lgcc_s --no-as-needed -lc -lgcc --as-needed -lgcc_s --no-as-needed /usr/lib64/gcc/x86_64-suse-linux/4.8/crtend.o /usr/lib64/gcc/x86_64-suse-linux/4.8/../../../../lib64/crtn.o]
    arg [/usr/lib64/gcc/x86_64-suse-linux/4.8/collect2] ==> ignore
    arg [--build-id] ==> ignore
    arg [--eh-frame-hdr] ==> ignore
    arg [-m] ==> ignore
    arg [elf_x86_64] ==> ignore
    arg [-export-dynamic] ==> ignore
    arg [-dynamic-linker] ==> ignore
    arg [/lib64/ld-linux-x86-64.so.2] ==> ignore
    arg [-o] ==> ignore
    arg [cmTryCompileExec580450933] ==> ignore
    arg [/usr/lib64/gcc/x86_64-suse-linux/4.8/../../../../lib64/crt1.o] ==> ignore
    arg [/usr/lib64/gcc/x86_64-suse-linux/4.8/../../../../lib64/crti.o] ==> ignore
    arg [/usr/lib64/gcc/x86_64-suse-linux/4.8/crtbegin.o] ==> ignore
    arg [-L/usr/lib64/gcc/x86_64-suse-linux/4.8] ==> dir [/usr/lib64/gcc/x86_64-suse-linux/4.8]
    arg [-L/usr/lib64/gcc/x86_64-suse-linux/4.8/../../../../lib64] ==> dir [/usr/lib64/gcc/x86_64-suse-linux/4.8/../../../../lib64]
    arg [-L/lib/../lib64] ==> dir [/lib/../lib64]
    arg [-L/usr/lib/../lib64] ==> dir [/usr/lib/../lib64]
    arg [-L/usr/lib64/gcc/x86_64-suse-linux/4.8/../../../../x86_64-suse-linux/lib] ==> dir [/usr/lib64/gcc/x86_64-suse-linux/4.8/../../../../x86_64-suse-linux/lib]
    arg [-L/usr/lib64/gcc/x86_64-suse-linux/4.8/../../..] ==> dir [/usr/lib64/gcc/x86_64-suse-linux/4.8/../../..]
    arg [CMakeFiles/cmTryCompileExec580450933.dir/CMakeCCompilerABI.c.o] ==> ignore
    arg [-lgcc] ==> lib [gcc]
    arg [--as-needed] ==> ignore
    arg [-lgcc_s] ==> lib [gcc_s]
    arg [--no-as-needed] ==> ignore
    arg [-lc] ==> lib [c]
    arg [-lgcc] ==> lib [gcc]
    arg [--as-needed] ==> ignore
    arg [-lgcc_s] ==> lib [gcc_s]
    arg [--no-as-needed] ==> ignore
    arg [/usr/lib64/gcc/x86_64-suse-linux/4.8/crtend.o] ==> ignore
    arg [/usr/lib64/gcc/x86_64-suse-linux/4.8/../../../../lib64/crtn.o] ==> ignore
  remove lib [gcc]
  remove lib [gcc_s]
  remove lib [gcc]
  remove lib [gcc_s]
  collapse library dir [/usr/lib64/gcc/x86_64-suse-linux/4.8] ==> [/usr/lib64/gcc/x86_64-suse-linux/4.8]
  collapse library dir [/usr/lib64/gcc/x86_64-suse-linux/4.8/../../../../lib64] ==> [/usr/lib64]
  collapse library dir [/lib/../lib64] ==> [/lib64]
  collapse library dir [/usr/lib/../lib64] ==> [/usr/lib64]
  collapse library dir [/usr/lib64/gcc/x86_64-suse-linux/4.8/../../../../x86_64-suse-linux/lib] ==> [/usr/x86_64-suse-linux/lib]
  collapse library dir [/usr/lib64/gcc/x86_64-suse-linux/4.8/../../..] ==> [/usr/lib64]
  implicit libs: [c]
  implicit dirs: [/usr/lib64/gcc/x86_64-suse-linux/4.8;/usr/lib64;/lib64;/usr/x86_64-suse-linux/lib]
  implicit fwks: []


Determining if the CXX compiler works passed with the following output:
Change Dir: /home/audoban/Escritorio/Dev/desktop-projects/PlayBar/KCM_PlayBarShortcuts/build/CMakeFiles/CMakeTmp

Run Build Command:/usr/bin/ninja cmTryCompileExec3832784453
[1/2] Building CXX object CMakeFiles/cmTryCompileExec3832784453.dir/testCXXCompiler.cxx.o
[2/2] Linking CXX executable cmTryCompileExec3832784453


Detecting CXX compiler ABI info compiled with the following output:
Change Dir: /home/audoban/Escritorio/Dev/desktop-projects/PlayBar/KCM_PlayBarShortcuts/build/CMakeFiles/CMakeTmp

Run Build Command:/usr/bin/ninja cmTryCompileExec1099393778
[1/2] Building CXX object CMakeFiles/cmTryCompileExec1099393778.dir/CMakeCXXCompilerABI.cpp.o
[2/2] Linking CXX executable cmTryCompileExec1099393778
Using built-in specs.
COLLECT_GCC=/usr/bin/c++
COLLECT_LTO_WRAPPER=/usr/lib64/gcc/x86_64-suse-linux/4.8/lto-wrapper
Target: x86_64-suse-linux
Configured with: ../configure --prefix=/usr --infodir=/usr/share/info --mandir=/usr/share/man --libdir=/usr/lib64 --libexecdir=/usr/lib64 --enable-languages=c,c++,objc,fortran,obj-c++,java,ada --enable-checking=release --with-gxx-include-dir=/usr/include/c++/4.8 --enable-ssp --disable-libssp --disable-plugin --with-bugurl=http://bugs.opensuse.org/ --with-pkgversion='SUSE Linux' --disable-libgcj --disable-libmudflap --with-slibdir=/lib64 --with-system-zlib --enable-__cxa_atexit --enable-libstdcxx-allocator=new --disable-libstdcxx-pch --enable-version-specific-runtime-libs --enable-linker-build-id --program-suffix=-4.8 --enable-linux-futex --without-system-libunwind --with-arch-32=i586 --with-tune=generic --build=x86_64-suse-linux
Thread model: posix
gcc version 4.8.1 20130909 [gcc-4_8-branch revision 202388] (SUSE Linux) 
COMPILER_PATH=/usr/lib64/gcc/x86_64-suse-linux/4.8/:/usr/lib64/gcc/x86_64-suse-linux/4.8/:/usr/lib64/gcc/x86_64-suse-linux/:/usr/lib64/gcc/x86_64-suse-linux/4.8/:/usr/lib64/gcc/x86_64-suse-linux/:/usr/lib64/gcc/x86_64-suse-linux/4.8/../../../../x86_64-suse-linux/bin/
LIBRARY_PATH=/usr/lib64/gcc/x86_64-suse-linux/4.8/:/usr/lib64/gcc/x86_64-suse-linux/4.8/../../../../lib64/:/lib/../lib64/:/usr/lib/../lib64/:/usr/lib64/gcc/x86_64-suse-linux/4.8/../../../../x86_64-suse-linux/lib/:/usr/lib64/gcc/x86_64-suse-linux/4.8/../../../:/lib/:/usr/lib/
COLLECT_GCC_OPTIONS='-v' '-o' 'cmTryCompileExec1099393778' '-rdynamic' '-shared-libgcc' '-mtune=generic' '-march=x86-64'
 /usr/lib64/gcc/x86_64-suse-linux/4.8/collect2 --build-id --eh-frame-hdr -m elf_x86_64 -export-dynamic -dynamic-linker /lib64/ld-linux-x86-64.so.2 -o cmTryCompileExec1099393778 /usr/lib64/gcc/x86_64-suse-linux/4.8/../../../../lib64/crt1.o /usr/lib64/gcc/x86_64-suse-linux/4.8/../../../../lib64/crti.o /usr/lib64/gcc/x86_64-suse-linux/4.8/crtbegin.o -L/usr/lib64/gcc/x86_64-suse-linux/4.8 -L/usr/lib64/gcc/x86_64-suse-linux/4.8/../../../../lib64 -L/lib/../lib64 -L/usr/lib/../lib64 -L/usr/lib64/gcc/x86_64-suse-linux/4.8/../../../../x86_64-suse-linux/lib -L/usr/lib64/gcc/x86_64-suse-linux/4.8/../../.. CMakeFiles/cmTryCompileExec1099393778.dir/CMakeCXXCompilerABI.cpp.o -lstdc++ -lm -lgcc_s -lgcc -lc -lgcc_s -lgcc /usr/lib64/gcc/x86_64-suse-linux/4.8/crtend.o /usr/lib64/gcc/x86_64-suse-linux/4.8/../../../../lib64/crtn.o


Parsed CXX implicit link information from above output:
  link line regex: [^( *|.*[/\])(ld|ld|collect2)[^/\]*( |$)]
  ignore line: [Change Dir: /home/audoban/Escritorio/Dev/desktop-projects/PlayBar/KCM_PlayBarShortcuts/build/CMakeFiles/CMakeTmp]
  ignore line: []
  ignore line: [Run Build Command:/usr/bin/ninja cmTryCompileExec1099393778]
  ignore line: [[1/2] Building CXX object CMakeFiles/cmTryCompileExec1099393778.dir/CMakeCXXCompilerABI.cpp.o]
  ignore line: [[2/2] Linking CXX executable cmTryCompileExec1099393778]
  ignore line: [Using built-in specs.]
  ignore line: [COLLECT_GCC=/usr/bin/c++]
  ignore line: [COLLECT_LTO_WRAPPER=/usr/lib64/gcc/x86_64-suse-linux/4.8/lto-wrapper]
  ignore line: [Target: x86_64-suse-linux]
  ignore line: [Configured with: ../configure --prefix=/usr --infodir=/usr/share/info --mandir=/usr/share/man --libdir=/usr/lib64 --libexecdir=/usr/lib64 --enable-languages=c,c++,objc,fortran,obj-c++,java,ada --enable-checking=release --with-gxx-include-dir=/usr/include/c++/4.8 --enable-ssp --disable-libssp --disable-plugin --with-bugurl=http://bugs.opensuse.org/ --with-pkgversion='SUSE Linux' --disable-libgcj --disable-libmudflap --with-slibdir=/lib64 --with-system-zlib --enable-__cxa_atexit --enable-libstdcxx-allocator=new --disable-libstdcxx-pch --enable-version-specific-runtime-libs --enable-linker-build-id --program-suffix=-4.8 --enable-linux-futex --without-system-libunwind --with-arch-32=i586 --with-tune=generic --build=x86_64-suse-linux]
  ignore line: [Thread model: posix]
  ignore line: [gcc version 4.8.1 20130909 [gcc-4_8-branch revision 202388] (SUSE Linux) ]
  ignore line: [COMPILER_PATH=/usr/lib64/gcc/x86_64-suse-linux/4.8/:/usr/lib64/gcc/x86_64-suse-linux/4.8/:/usr/lib64/gcc/x86_64-suse-linux/:/usr/lib64/gcc/x86_64-suse-linux/4.8/:/usr/lib64/gcc/x86_64-suse-linux/:/usr/lib64/gcc/x86_64-suse-linux/4.8/../../../../x86_64-suse-linux/bin/]
  ignore line: [LIBRARY_PATH=/usr/lib64/gcc/x86_64-suse-linux/4.8/:/usr/lib64/gcc/x86_64-suse-linux/4.8/../../../../lib64/:/lib/../lib64/:/usr/lib/../lib64/:/usr/lib64/gcc/x86_64-suse-linux/4.8/../../../../x86_64-suse-linux/lib/:/usr/lib64/gcc/x86_64-suse-linux/4.8/../../../:/lib/:/usr/lib/]
  ignore line: [COLLECT_GCC_OPTIONS='-v' '-o' 'cmTryCompileExec1099393778' '-rdynamic' '-shared-libgcc' '-mtune=generic' '-march=x86-64']
  link line: [ /usr/lib64/gcc/x86_64-suse-linux/4.8/collect2 --build-id --eh-frame-hdr -m elf_x86_64 -export-dynamic -dynamic-linker /lib64/ld-linux-x86-64.so.2 -o cmTryCompileExec1099393778 /usr/lib64/gcc/x86_64-suse-linux/4.8/../../../../lib64/crt1.o /usr/lib64/gcc/x86_64-suse-linux/4.8/../../../../lib64/crti.o /usr/lib64/gcc/x86_64-suse-linux/4.8/crtbegin.o -L/usr/lib64/gcc/x86_64-suse-linux/4.8 -L/usr/lib64/gcc/x86_64-suse-linux/4.8/../../../../lib64 -L/lib/../lib64 -L/usr/lib/../lib64 -L/usr/lib64/gcc/x86_64-suse-linux/4.8/../../../../x86_64-suse-linux/lib -L/usr/lib64/gcc/x86_64-suse-linux/4.8/../../.. CMakeFiles/cmTryCompileExec1099393778.dir/CMakeCXXCompilerABI.cpp.o -lstdc++ -lm -lgcc_s -lgcc -lc -lgcc_s -lgcc /usr/lib64/gcc/x86_64-suse-linux/4.8/crtend.o /usr/lib64/gcc/x86_64-suse-linux/4.8/../../../../lib64/crtn.o]
    arg [/usr/lib64/gcc/x86_64-suse-linux/4.8/collect2] ==> ignore
    arg [--build-id] ==> ignore
    arg [--eh-frame-hdr] ==> ignore
    arg [-m] ==> ignore
    arg [elf_x86_64] ==> ignore
    arg [-export-dynamic] ==> ignore
    arg [-dynamic-linker] ==> ignore
    arg [/lib64/ld-linux-x86-64.so.2] ==> ignore
    arg [-o] ==> ignore
    arg [cmTryCompileExec1099393778] ==> ignore
    arg [/usr/lib64/gcc/x86_64-suse-linux/4.8/../../../../lib64/crt1.o] ==> ignore
    arg [/usr/lib64/gcc/x86_64-suse-linux/4.8/../../../../lib64/crti.o] ==> ignore
    arg [/usr/lib64/gcc/x86_64-suse-linux/4.8/crtbegin.o] ==> ignore
    arg [-L/usr/lib64/gcc/x86_64-suse-linux/4.8] ==> dir [/usr/lib64/gcc/x86_64-suse-linux/4.8]
    arg [-L/usr/lib64/gcc/x86_64-suse-linux/4.8/../../../../lib64] ==> dir [/usr/lib64/gcc/x86_64-suse-linux/4.8/../../../../lib64]
    arg [-L/lib/../lib64] ==> dir [/lib/../lib64]
    arg [-L/usr/lib/../lib64] ==> dir [/usr/lib/../lib64]
    arg [-L/usr/lib64/gcc/x86_64-suse-linux/4.8/../../../../x86_64-suse-linux/lib] ==> dir [/usr/lib64/gcc/x86_64-suse-linux/4.8/../../../../x86_64-suse-linux/lib]
    arg [-L/usr/lib64/gcc/x86_64-suse-linux/4.8/../../..] ==> dir [/usr/lib64/gcc/x86_64-suse-linux/4.8/../../..]
    arg [CMakeFiles/cmTryCompileExec1099393778.dir/CMakeCXXCompilerABI.cpp.o] ==> ignore
    arg [-lstdc++] ==> lib [stdc++]
    arg [-lm] ==> lib [m]
    arg [-lgcc_s] ==> lib [gcc_s]
    arg [-lgcc] ==> lib [gcc]
    arg [-lc] ==> lib [c]
    arg [-lgcc_s] ==> lib [gcc_s]
    arg [-lgcc] ==> lib [gcc]
    arg [/usr/lib64/gcc/x86_64-suse-linux/4.8/crtend.o] ==> ignore
    arg [/usr/lib64/gcc/x86_64-suse-linux/4.8/../../../../lib64/crtn.o] ==> ignore
  remove lib [gcc_s]
  remove lib [gcc]
  remove lib [gcc_s]
  remove lib [gcc]
  collapse library dir [/usr/lib64/gcc/x86_64-suse-linux/4.8] ==> [/usr/lib64/gcc/x86_64-suse-linux/4.8]
  collapse library dir [/usr/lib64/gcc/x86_64-suse-linux/4.8/../../../../lib64] ==> [/usr/lib64]
  collapse library dir [/lib/../lib64] ==> [/lib64]
  collapse library dir [/usr/lib/../lib64] ==> [/usr/lib64]
  collapse library dir [/usr/lib64/gcc/x86_64-suse-linux/4.8/../../../../x86_64-suse-linux/lib] ==> [/usr/x86_64-suse-linux/lib]
  collapse library dir [/usr/lib64/gcc/x86_64-suse-linux/4.8/../../..] ==> [/usr/lib64]
  implicit libs: [stdc++;m;c]
  implicit dirs: [/usr/lib64/gcc/x86_64-suse-linux/4.8;/usr/lib64;/lib64;/usr/x86_64-suse-linux/lib]
  implicit fwks: []


Determining if the Q_WS_X11 exist passed with the following output:
Change Dir: /home/audoban/Escritorio/Dev/desktop-projects/PlayBar/KCM_PlayBarShortcuts/build/CMakeFiles/CMakeTmp

Run Build Command:/usr/bin/ninja cmTryCompileExec2021769898
[1/2] Building C object CMakeFiles/cmTryCompileExec2021769898.dir/CheckSymbolExists.c.o
[2/2] Linking C executable cmTryCompileExec2021769898

File /home/audoban/Escritorio/Dev/desktop-projects/PlayBar/KCM_PlayBarShortcuts/build/CMakeFiles/CMakeTmp/CheckSymbolExists.c:
/* */
#include <QtCore/qglobal.h>

int main(int argc, char** argv)
{
  (void)argv;
#ifndef Q_WS_X11
  return ((int*)(&Q_WS_X11))[argc];
#else
  (void)argc;
  return 0;
#endif
}

Determining if the function XOpenDisplay exists in the /usr/lib64/libX11.so;/usr/lib64/libXext.so;/usr/lib64/libXft.so;/usr/lib64/libXau.so;/usr/lib64/libXdmcp.so;/usr/lib64/libXpm.so passed with the following output:
Change Dir: /home/audoban/Escritorio/Dev/desktop-projects/PlayBar/KCM_PlayBarShortcuts/build/CMakeFiles/CMakeTmp

Run Build Command:/usr/bin/ninja cmTryCompileExec1229712027
[1/2] Building C object CMakeFiles/cmTryCompileExec1229712027.dir/CheckFunctionExists.c.o
[2/2] Linking C executable cmTryCompileExec1229712027


Determining if the function gethostbyname exists passed with the following output:
Change Dir: /home/audoban/Escritorio/Dev/desktop-projects/PlayBar/KCM_PlayBarShortcuts/build/CMakeFiles/CMakeTmp

Run Build Command:/usr/bin/ninja cmTryCompileExec2626689236
[1/2] Building C object CMakeFiles/cmTryCompileExec2626689236.dir/CheckFunctionExists.c.o
[2/2] Linking C executable cmTryCompileExec2626689236


Determining if the function connect exists passed with the following output:
Change Dir: /home/audoban/Escritorio/Dev/desktop-projects/PlayBar/KCM_PlayBarShortcuts/build/CMakeFiles/CMakeTmp

Run Build Command:/usr/bin/ninja cmTryCompileExec2300965023
[1/2] Building C object CMakeFiles/cmTryCompileExec2300965023.dir/CheckFunctionExists.c.o
[2/2] Linking C executable cmTryCompileExec2300965023


Determining if the function remove exists passed with the following output:
Change Dir: /home/audoban/Escritorio/Dev/desktop-projects/PlayBar/KCM_PlayBarShortcuts/build/CMakeFiles/CMakeTmp

Run Build Command:/usr/bin/ninja cmTryCompileExec2858021115
[1/2] Building C object CMakeFiles/cmTryCompileExec2858021115.dir/CheckFunctionExists.c.o
[2/2] Linking C executable cmTryCompileExec2858021115


Determining if the function shmat exists passed with the following output:
Change Dir: /home/audoban/Escritorio/Dev/desktop-projects/PlayBar/KCM_PlayBarShortcuts/build/CMakeFiles/CMakeTmp

Run Build Command:/usr/bin/ninja cmTryCompileExec1876651470
[1/2] Building C object CMakeFiles/cmTryCompileExec1876651470.dir/CheckFunctionExists.c.o
[2/2] Linking C executable cmTryCompileExec1876651470


Determining if the function IceConnectionNumber exists in the ICE passed with the following output:
Change Dir: /home/audoban/Escritorio/Dev/desktop-projects/PlayBar/KCM_PlayBarShortcuts/build/CMakeFiles/CMakeTmp

Run Build Command:/usr/bin/ninja cmTryCompileExec2797939310
[1/2] Building C object CMakeFiles/cmTryCompileExec2797939310.dir/CheckFunctionExists.c.o
[2/2] Linking C executable cmTryCompileExec2797939310


Determining if files pthread.h exist passed with the following output:
Change Dir: /home/audoban/Escritorio/Dev/desktop-projects/PlayBar/KCM_PlayBarShortcuts/build/CMakeFiles/CMakeTmp

Run Build Command:/usr/bin/ninja cmTryCompileExec3084865561
[1/2] Building C object CMakeFiles/cmTryCompileExec3084865561.dir/CheckIncludeFiles.c.o
[2/2] Linking C executable cmTryCompileExec3084865561


Determining if the function pthread_create exists in the pthread passed with the following output:
Change Dir: /home/audoban/Escritorio/Dev/desktop-projects/PlayBar/KCM_PlayBarShortcuts/build/CMakeFiles/CMakeTmp

Run Build Command:/usr/bin/ninja cmTryCompileExec1707798717
[1/2] Building C object CMakeFiles/cmTryCompileExec1707798717.dir/CheckFunctionExists.c.o
[2/2] Linking C executable cmTryCompileExec1707798717


Determining if the _POSIX_TIMERS exist passed with the following output:
Change Dir: /home/audoban/Escritorio/Dev/desktop-projects/PlayBar/KCM_PlayBarShortcuts/build/CMakeFiles/CMakeTmp

Run Build Command:/usr/bin/ninja cmTryCompileExec3300639241
[1/2] Building C object CMakeFiles/cmTryCompileExec3300639241.dir/CheckSymbolExists.c.o
[2/2] Linking C executable cmTryCompileExec3300639241

File /home/audoban/Escritorio/Dev/desktop-projects/PlayBar/KCM_PlayBarShortcuts/build/CMakeFiles/CMakeTmp/CheckSymbolExists.c:
/* */
#include <unistd.h>
#include <time.h>

int main(int argc, char** argv)
{
  (void)argv;
#ifndef _POSIX_TIMERS
  return ((int*)(&_POSIX_TIMERS))[argc];
#else
  (void)argc;
  return 0;
#endif
}

Performing C++ SOURCE FILE Test _OFFT_IS_64BIT succeded with the following output:
Change Dir: /home/audoban/Escritorio/Dev/desktop-projects/PlayBar/KCM_PlayBarShortcuts/build/CMakeFiles/CMakeTmp

Run Build Command:/usr/bin/ninja cmTryCompileExec2372300830
[1/2] Building CXX object CMakeFiles/cmTryCompileExec2372300830.dir/src.cxx.o
[2/2] Linking CXX executable cmTryCompileExec2372300830

Source file was:

#include <sys/types.h>
 /* Check that off_t can represent 2**63 - 1 correctly.
    We can't simply define LARGE_OFF_T to be 9223372036854775807,
    since some C++ compilers masquerading as C compilers
    incorrectly reject 9223372036854775807.  */
#define LARGE_OFF_T (((off_t) 1 << 62) - 1 + ((off_t) 1 << 62))

  int off_t_is_large[(LARGE_OFF_T % 2147483629 == 721 && LARGE_OFF_T % 2147483647 == 1) ? 1 : -1];
  int main() { return 0; }

Performing C++ SOURCE FILE Test HAVE_FPIE_SUPPORT succeded with the following output:
Change Dir: /home/audoban/Escritorio/Dev/desktop-projects/PlayBar/KCM_PlayBarShortcuts/build/CMakeFiles/CMakeTmp

Run Build Command:/usr/bin/ninja cmTryCompileExec2918619903
[1/2] Building CXX object CMakeFiles/cmTryCompileExec2918619903.dir/src.cxx.o
[2/2] Linking CXX executable cmTryCompileExec2918619903

Source file was:
int main() { return 0;}
Performing C++ SOURCE FILE Test __KDE_HAVE_W_OVERLOADED_VIRTUAL succeded with the following output:
Change Dir: /home/audoban/Escritorio/Dev/desktop-projects/PlayBar/KCM_PlayBarShortcuts/build/CMakeFiles/CMakeTmp

Run Build Command:/usr/bin/ninja cmTryCompileExec424761556
[1/2] Building CXX object CMakeFiles/cmTryCompileExec424761556.dir/src.cxx.o
[2/2] Linking CXX executable cmTryCompileExec424761556

Source file was:
int main() { return 0;}
Performing C++ SOURCE FILE Test __KDE_HAVE_GCC_VISIBILITY succeded with the following output:
Change Dir: /home/audoban/Escritorio/Dev/desktop-projects/PlayBar/KCM_PlayBarShortcuts/build/CMakeFiles/CMakeTmp

Run Build Command:/usr/bin/ninja cmTryCompileExec2441684743
[1/2] Building CXX object CMakeFiles/cmTryCompileExec2441684743.dir/src.cxx.o
[2/2] Linking CXX executable cmTryCompileExec2441684743

Source file was:
int main() { return 0;}
